<?xml version="1.0" encoding="UTF-8"?>
<!-- Generated by org.testng.reporters.JUnitReportReporter -->
<testsuite hostname="Lenovo-PC" failures="0" tests="1" name="awesomeCucumber.runner.FailedRunner" time="16.843" errors="0" timestamp="2024-12-04T15:57:11 IST" skipped="0">
  <testcase classname="awesomeCucumber.runner.FailedRunner" name="runScenario" time="16.843"/>
  <system-out/>
</testsuite> <!-- awesomeCucumber.runner.FailedRunner -->
