<?xml version="1.0" encoding="UTF-8"?>
<!-- Generated by org.testng.reporters.JUnitReportReporter -->
<testsuite hostname="Lenovo-PC" failures="0" tests="1" name="awesomeCucumber.TestNGRunnerTest" time="0.133" errors="0" timestamp="2024-05-22T16:47:18 IST" skipped="0">
  <testcase classname="awesomeCucumber.TestNGRunnerTest" name="runScenario" time="0.133"/>
  <system-out/>
</testsuite> <!-- awesomeCucumber.TestNGRunnerTest -->
