<?xml version="1.0" encoding="UTF-8"?>
<!-- Generated by org.testng.reporters.JUnitReportReporter -->
<testsuite hostname="Lenovo-PC" failures="0" tests="2" name="CheckCookies" time="59.943" errors="0" timestamp="2024-11-07T11:34:32 IST" skipped="0">
  <testcase classname="CheckCookies" name="useCookies" time="28.288"/>
  <system-out/>
  <testcase classname="CheckCookies" name="get_cookies" time="31.655"/>
  <system-out/>
</testsuite> <!-- CheckCookies -->
