<?xml version="1.0" encoding="UTF-8"?>
<!-- Generated by org.testng.reporters.JUnitReportReporter -->
<testsuite hostname="Lenovo-PC" failures="0" tests="1" name="awesomeCucumber.runner.TestNGRunnerTest" time="0.109" errors="0" timestamp="2024-06-13T09:36:52 IST" skipped="0">
  <testcase classname="awesomeCucumber.runner.TestNGRunnerTest" name="runScenario" time="0.109"/>
  <system-out/>
</testsuite> <!-- awesomeCucumber.runner.TestNGRunnerTest -->
