<?xml version="1.0" encoding="UTF-8"?>
<!-- Generated by org.testng.reporters.JUnitReportReporter -->
<testsuite hostname="Lenovo-PC" failures="0" tests="3" name="awesomeCucumber.runner.TestNGRunnerTest" time="248.948" errors="0" timestamp="2024-12-09T17:30:58 IST" skipped="0">
  <testcase classname="awesomeCucumber.runner.TestNGRunnerTest" name="runScenario" time="83.172"/>
  <system-out/>
  <testcase classname="awesomeCucumber.runner.TestNGRunnerTest" name="runScenario" time="82.662"/>
  <system-out/>
  <testcase classname="awesomeCucumber.runner.TestNGRunnerTest" name="runScenario" time="83.114"/>
  <system-out/>
</testsuite> <!-- awesomeCucumber.runner.TestNGRunnerTest -->
